[INFO] [2020-07-25 22:01:43][org.springframework.web.context.ContextLoader]Root WebApplicationContext: initialization started
[INFO] [2020-07-25 22:01:43][org.springframework.web.context.support.XmlWebApplicationContext]Refreshing Root WebApplicationContext: startup date [Sat Jul 25 22:01:43 CST 2020]; root of context hierarchy
[INFO] [2020-07-25 22:01:43][org.springframework.beans.factory.xml.XmlBeanDefinitionReader]Loading XML bean definitions from file [E:\java\XM\plugins\target\plugins\WEB-INF\classes\spring-mvc.xml]
[INFO] [2020-07-25 22:01:44][org.springframework.beans.factory.xml.XmlBeanDefinitionReader]Loading XML bean definitions from file [E:\java\XM\plugins\target\plugins\WEB-INF\classes\spring-mybatis.xml]
[INFO] [2020-07-25 22:01:44][org.springframework.beans.factory.config.PropertyPlaceholderConfigurer]Loading properties file from class path resource [jdbc.properties]
[INFO] [2020-07-25 22:01:44][org.springframework.beans.factory.annotation.AutowiredAnnotationBeanPostProcessor]JSR-330 'javax.inject.Inject' annotation found and supported for autowiring
[INFO] [2020-07-25 22:01:45][org.springframework.web.servlet.handler.SimpleUrlHandlerMapping]Mapped URL path [/**] onto handler 'org.springframework.web.servlet.resource.DefaultServletHttpRequestHandler#0'
[INFO] [2020-07-25 22:01:45][org.springframework.web.context.ContextLoader]Root WebApplicationContext: initialization completed in 2154 ms
[INFO] [2020-07-25 22:01:45][org.springframework.web.servlet.DispatcherServlet]FrameworkServlet 'SpringMVC': initialization started
[INFO] [2020-07-25 22:01:45][org.springframework.web.context.support.XmlWebApplicationContext]Refreshing WebApplicationContext for namespace 'SpringMVC-servlet': startup date [Sat Jul 25 22:01:45 CST 2020]; parent: Root WebApplicationContext
[INFO] [2020-07-25 22:01:45][org.springframework.beans.factory.xml.XmlBeanDefinitionReader]Loading XML bean definitions from class path resource [spring-mvc.xml]
[INFO] [2020-07-25 22:01:45][org.springframework.beans.factory.annotation.AutowiredAnnotationBeanPostProcessor]JSR-330 'javax.inject.Inject' annotation found and supported for autowiring
[INFO] [2020-07-25 22:01:45][org.springframework.web.servlet.handler.SimpleUrlHandlerMapping]Mapped URL path [/**] onto handler 'org.springframework.web.servlet.resource.DefaultServletHttpRequestHandler#0'
[INFO] [2020-07-25 22:01:45][org.springframework.web.servlet.DispatcherServlet]FrameworkServlet 'SpringMVC': initialization completed in 123 ms
[INFO] [2020-07-25 22:02:34][org.springframework.web.context.support.XmlWebApplicationContext]Closing WebApplicationContext for namespace 'SpringMVC-servlet': startup date [Sat Jul 25 22:01:45 CST 2020]; parent: Root WebApplicationContext
[INFO] [2020-07-25 22:02:34][org.springframework.web.context.support.XmlWebApplicationContext]Closing Root WebApplicationContext: startup date [Sat Jul 25 22:01:43 CST 2020]; root of context hierarchy
[INFO] [2020-08-12 14:49:41][org.springframework.web.context.ContextLoader]Root WebApplicationContext: initialization started
[INFO] [2020-08-12 14:49:41][org.springframework.web.context.support.XmlWebApplicationContext]Refreshing Root WebApplicationContext: startup date [Wed Aug 12 14:49:41 GMT+08:00 2020]; root of context hierarchy
[INFO] [2020-08-12 14:49:41][org.springframework.beans.factory.xml.XmlBeanDefinitionReader]Loading XML bean definitions from class path resource [spring-mybatis.xml]
[INFO] [2020-08-12 14:49:42][org.springframework.beans.factory.config.PropertyPlaceholderConfigurer]Loading properties file from class path resource [jdbc.properties]
[INFO] [2020-08-12 14:49:42][org.springframework.beans.factory.annotation.AutowiredAnnotationBeanPostProcessor]JSR-330 'javax.inject.Inject' annotation found and supported for autowiring
[INFO] [2020-08-12 14:49:43][org.springframework.web.context.ContextLoader]Root WebApplicationContext: initialization completed in 2261 ms
[INFO] [2020-08-12 14:49:43][org.springframework.web.servlet.DispatcherServlet]FrameworkServlet 'SpringMVC': initialization started
[INFO] [2020-08-12 14:49:43][org.springframework.web.context.support.XmlWebApplicationContext]Refreshing WebApplicationContext for namespace 'SpringMVC-servlet': startup date [Wed Aug 12 14:49:43 GMT+08:00 2020]; parent: Root WebApplicationContext
[INFO] [2020-08-12 14:49:43][org.springframework.beans.factory.xml.XmlBeanDefinitionReader]Loading XML bean definitions from class path resource [spring-mvc.xml]
[INFO] [2020-08-12 14:49:43][org.springframework.beans.factory.annotation.AutowiredAnnotationBeanPostProcessor]JSR-330 'javax.inject.Inject' annotation found and supported for autowiring
[INFO] [2020-08-12 14:49:44][org.springframework.web.servlet.mvc.method.annotation.RequestMappingHandlerMapping]Mapped "{[/index/],methods=[],params=[],headers=[],consumes=[],produces=[],custom=[]}" onto public java.lang.String com.web.controller.page.IndexController.toIndex()
[INFO] [2020-08-12 14:49:44][org.springframework.web.servlet.mvc.method.annotation.RequestMappingHandlerMapping]Mapped "{[/tool/session],methods=[],params=[],headers=[],consumes=[],produces=[],custom=[]}" onto public java.lang.String com.web.controller.tool.ToolController.getSession(java.lang.String,javax.servlet.http.HttpSession)
[INFO] [2020-08-12 14:49:45][org.springframework.web.servlet.handler.SimpleUrlHandlerMapping]Mapped URL path [/**] onto handler 'org.springframework.web.servlet.resource.DefaultServletHttpRequestHandler#0'
[INFO] [2020-08-12 14:49:45][org.springframework.web.servlet.DispatcherServlet]FrameworkServlet 'SpringMVC': initialization completed in 1778 ms
[INFO] [2020-08-12 16:00:07][org.springframework.web.context.support.XmlWebApplicationContext]Closing WebApplicationContext for namespace 'SpringMVC-servlet': startup date [Wed Aug 12 14:49:43 GMT+08:00 2020]; parent: Root WebApplicationContext
[INFO] [2020-08-12 16:00:07][org.springframework.web.context.support.XmlWebApplicationContext]Closing Root WebApplicationContext: startup date [Wed Aug 12 14:49:41 GMT+08:00 2020]; root of context hierarchy
[INFO] [2020-08-12 16:00:23][org.springframework.web.context.ContextLoader]Root WebApplicationContext: initialization started
[INFO] [2020-08-12 16:00:24][org.springframework.web.context.support.XmlWebApplicationContext]Refreshing Root WebApplicationContext: startup date [Wed Aug 12 16:00:24 GMT+08:00 2020]; root of context hierarchy
[INFO] [2020-08-12 16:00:24][org.springframework.beans.factory.xml.XmlBeanDefinitionReader]Loading XML bean definitions from class path resource [spring-mybatis.xml]
[INFO] [2020-08-12 16:00:25][org.springframework.beans.factory.config.PropertyPlaceholderConfigurer]Loading properties file from class path resource [jdbc.properties]
[INFO] [2020-08-12 16:00:25][org.springframework.beans.factory.annotation.AutowiredAnnotationBeanPostProcessor]JSR-330 'javax.inject.Inject' annotation found and supported for autowiring
[INFO] [2020-08-12 16:00:26][org.springframework.web.context.ContextLoader]Root WebApplicationContext: initialization completed in 2438 ms
[INFO] [2020-08-12 16:00:26][org.springframework.web.servlet.DispatcherServlet]FrameworkServlet 'SpringMVC': initialization started
[INFO] [2020-08-12 16:00:26][org.springframework.web.context.support.XmlWebApplicationContext]Refreshing WebApplicationContext for namespace 'SpringMVC-servlet': startup date [Wed Aug 12 16:00:26 GMT+08:00 2020]; parent: Root WebApplicationContext
[INFO] [2020-08-12 16:00:26][org.springframework.beans.factory.xml.XmlBeanDefinitionReader]Loading XML bean definitions from class path resource [spring-mvc.xml]
[INFO] [2020-08-12 16:00:26][org.springframework.beans.factory.annotation.AutowiredAnnotationBeanPostProcessor]JSR-330 'javax.inject.Inject' annotation found and supported for autowiring
[INFO] [2020-08-12 16:00:26][org.springframework.web.servlet.mvc.method.annotation.RequestMappingHandlerMapping]Mapped "{[/index/],methods=[],params=[],headers=[],consumes=[],produces=[],custom=[]}" onto public java.lang.String com.web.controller.page.IndexController.toIndex()
[INFO] [2020-08-12 16:00:26][org.springframework.web.servlet.mvc.method.annotation.RequestMappingHandlerMapping]Mapped "{[/login/],methods=[],params=[],headers=[],consumes=[],produces=[],custom=[]}" onto public java.lang.String com.web.controller.page.LoginController.toLogin()
[INFO] [2020-08-12 16:00:26][org.springframework.web.servlet.mvc.method.annotation.RequestMappingHandlerMapping]Mapped "{[/tool/session],methods=[],params=[],headers=[],consumes=[],produces=[],custom=[]}" onto public java.lang.String com.web.controller.tool.ToolController.getSession(java.lang.String,javax.servlet.http.HttpSession)
[INFO] [2020-08-12 16:00:28][org.springframework.web.servlet.handler.SimpleUrlHandlerMapping]Mapped URL path [/**] onto handler 'org.springframework.web.servlet.resource.DefaultServletHttpRequestHandler#0'
[INFO] [2020-08-12 16:00:28][org.springframework.web.servlet.DispatcherServlet]FrameworkServlet 'SpringMVC': initialization completed in 1905 ms
[INFO] [2020-08-12 16:06:02][org.springframework.web.context.support.XmlWebApplicationContext]Closing WebApplicationContext for namespace 'SpringMVC-servlet': startup date [Wed Aug 12 16:00:26 GMT+08:00 2020]; parent: Root WebApplicationContext
[INFO] [2020-08-12 16:06:02][org.springframework.web.context.support.XmlWebApplicationContext]Closing Root WebApplicationContext: startup date [Wed Aug 12 16:00:24 GMT+08:00 2020]; root of context hierarchy
[INFO] [2020-08-12 16:06:14][org.springframework.web.context.ContextLoader]Root WebApplicationContext: initialization started
[INFO] [2020-08-12 16:06:15][org.springframework.web.context.support.XmlWebApplicationContext]Refreshing Root WebApplicationContext: startup date [Wed Aug 12 16:06:15 GMT+08:00 2020]; root of context hierarchy
[INFO] [2020-08-12 16:06:15][org.springframework.beans.factory.xml.XmlBeanDefinitionReader]Loading XML bean definitions from class path resource [spring-mybatis.xml]
[INFO] [2020-08-12 16:06:16][org.springframework.beans.factory.config.PropertyPlaceholderConfigurer]Loading properties file from class path resource [jdbc.properties]
[INFO] [2020-08-12 16:06:16][org.springframework.beans.factory.annotation.AutowiredAnnotationBeanPostProcessor]JSR-330 'javax.inject.Inject' annotation found and supported for autowiring
[INFO] [2020-08-12 16:06:17][org.springframework.web.context.ContextLoader]Root WebApplicationContext: initialization completed in 2436 ms
[INFO] [2020-08-12 16:06:17][org.springframework.web.servlet.DispatcherServlet]FrameworkServlet 'SpringMVC': initialization started
[INFO] [2020-08-12 16:06:17][org.springframework.web.context.support.XmlWebApplicationContext]Refreshing WebApplicationContext for namespace 'SpringMVC-servlet': startup date [Wed Aug 12 16:06:17 GMT+08:00 2020]; parent: Root WebApplicationContext
[INFO] [2020-08-12 16:06:17][org.springframework.beans.factory.xml.XmlBeanDefinitionReader]Loading XML bean definitions from class path resource [spring-mvc.xml]
[INFO] [2020-08-12 16:06:17][org.springframework.beans.factory.annotation.AutowiredAnnotationBeanPostProcessor]JSR-330 'javax.inject.Inject' annotation found and supported for autowiring
[INFO] [2020-08-12 16:06:18][org.springframework.web.servlet.mvc.method.annotation.RequestMappingHandlerMapping]Mapped "{[/index/],methods=[],params=[],headers=[],consumes=[],produces=[],custom=[]}" onto public java.lang.String com.web.controller.page.IndexController.toIndex()
[INFO] [2020-08-12 16:06:18][org.springframework.web.servlet.mvc.method.annotation.RequestMappingHandlerMapping]Mapped "{[/login/],methods=[],params=[],headers=[],consumes=[],produces=[],custom=[]}" onto public java.lang.String com.web.controller.page.LoginController.toLogin()
[INFO] [2020-08-12 16:06:18][org.springframework.web.servlet.mvc.method.annotation.RequestMappingHandlerMapping]Mapped "{[/tool/session],methods=[],params=[],headers=[],consumes=[],produces=[],custom=[]}" onto public java.lang.String com.web.controller.tool.ToolController.getSession(java.lang.String,javax.servlet.http.HttpSession)
[INFO] [2020-08-12 16:06:19][org.springframework.web.servlet.handler.SimpleUrlHandlerMapping]Mapped URL path [/**] onto handler 'org.springframework.web.servlet.resource.DefaultServletHttpRequestHandler#0'
[INFO] [2020-08-12 16:06:19][org.springframework.web.servlet.DispatcherServlet]FrameworkServlet 'SpringMVC': initialization completed in 1910 ms
[INFO] [2020-08-12 16:15:54][org.springframework.web.context.support.XmlWebApplicationContext]Closing WebApplicationContext for namespace 'SpringMVC-servlet': startup date [Wed Aug 12 16:06:17 GMT+08:00 2020]; parent: Root WebApplicationContext
[INFO] [2020-08-12 16:15:54][org.springframework.web.context.support.XmlWebApplicationContext]Closing Root WebApplicationContext: startup date [Wed Aug 12 16:06:15 GMT+08:00 2020]; root of context hierarchy
[INFO] [2020-08-12 16:16:07][org.springframework.web.context.ContextLoader]Root WebApplicationContext: initialization started
[INFO] [2020-08-12 16:16:07][org.springframework.web.context.support.XmlWebApplicationContext]Refreshing Root WebApplicationContext: startup date [Wed Aug 12 16:16:07 GMT+08:00 2020]; root of context hierarchy
[INFO] [2020-08-12 16:16:08][org.springframework.beans.factory.xml.XmlBeanDefinitionReader]Loading XML bean definitions from class path resource [spring-mybatis.xml]
[INFO] [2020-08-12 16:16:09][org.springframework.beans.factory.config.PropertyPlaceholderConfigurer]Loading properties file from class path resource [jdbc.properties]
[INFO] [2020-08-12 16:16:09][org.springframework.beans.factory.annotation.AutowiredAnnotationBeanPostProcessor]JSR-330 'javax.inject.Inject' annotation found and supported for autowiring
[INFO] [2020-08-12 16:16:10][org.springframework.web.context.ContextLoader]Root WebApplicationContext: initialization completed in 2473 ms
[INFO] [2020-08-12 16:16:10][org.springframework.web.servlet.DispatcherServlet]FrameworkServlet 'SpringMVC': initialization started
[INFO] [2020-08-12 16:16:10][org.springframework.web.context.support.XmlWebApplicationContext]Refreshing WebApplicationContext for namespace 'SpringMVC-servlet': startup date [Wed Aug 12 16:16:10 GMT+08:00 2020]; parent: Root WebApplicationContext
[INFO] [2020-08-12 16:16:10][org.springframework.beans.factory.xml.XmlBeanDefinitionReader]Loading XML bean definitions from class path resource [spring-mvc.xml]
[INFO] [2020-08-12 16:16:10][org.springframework.beans.factory.annotation.AutowiredAnnotationBeanPostProcessor]JSR-330 'javax.inject.Inject' annotation found and supported for autowiring
[INFO] [2020-08-12 16:16:10][org.springframework.web.servlet.mvc.method.annotation.RequestMappingHandlerMapping]Mapped "{[/index/],methods=[],params=[],headers=[],consumes=[],produces=[],custom=[]}" onto public java.lang.String com.web.controller.page.IndexController.toIndex()
[INFO] [2020-08-12 16:16:10][org.springframework.web.servlet.mvc.method.annotation.RequestMappingHandlerMapping]Mapped "{[/login/],methods=[],params=[],headers=[],consumes=[],produces=[],custom=[]}" onto public java.lang.String com.web.controller.page.LoginController.toLogin()
[INFO] [2020-08-12 16:16:10][org.springframework.web.servlet.mvc.method.annotation.RequestMappingHandlerMapping]Mapped "{[/tool/session],methods=[],params=[],headers=[],consumes=[],produces=[],custom=[]}" onto public java.lang.String com.web.controller.tool.ToolController.getSession(java.lang.String,javax.servlet.http.HttpSession)
[INFO] [2020-08-12 16:16:12][org.springframework.web.servlet.handler.SimpleUrlHandlerMapping]Mapped URL path [/**] onto handler 'org.springframework.web.servlet.resource.DefaultServletHttpRequestHandler#0'
[INFO] [2020-08-12 16:16:12][org.springframework.web.servlet.DispatcherServlet]FrameworkServlet 'SpringMVC': initialization completed in 1898 ms
[INFO] [2020-08-12 16:21:05][org.springframework.web.context.support.XmlWebApplicationContext]Closing WebApplicationContext for namespace 'SpringMVC-servlet': startup date [Wed Aug 12 16:16:10 GMT+08:00 2020]; parent: Root WebApplicationContext
[INFO] [2020-08-12 16:21:05][org.springframework.web.context.support.XmlWebApplicationContext]Closing Root WebApplicationContext: startup date [Wed Aug 12 16:16:07 GMT+08:00 2020]; root of context hierarchy
[INFO] [2020-08-12 16:21:17][org.springframework.web.context.ContextLoader]Root WebApplicationContext: initialization started
[INFO] [2020-08-12 16:21:18][org.springframework.web.context.support.XmlWebApplicationContext]Refreshing Root WebApplicationContext: startup date [Wed Aug 12 16:21:18 GMT+08:00 2020]; root of context hierarchy
[INFO] [2020-08-12 16:21:18][org.springframework.beans.factory.xml.XmlBeanDefinitionReader]Loading XML bean definitions from class path resource [spring-mybatis.xml]
[INFO] [2020-08-12 16:21:19][org.springframework.beans.factory.config.PropertyPlaceholderConfigurer]Loading properties file from class path resource [jdbc.properties]
[INFO] [2020-08-12 16:21:19][org.springframework.beans.factory.annotation.AutowiredAnnotationBeanPostProcessor]JSR-330 'javax.inject.Inject' annotation found and supported for autowiring
[INFO] [2020-08-12 16:21:20][org.springframework.web.context.ContextLoader]Root WebApplicationContext: initialization completed in 2477 ms
[INFO] [2020-08-12 16:21:20][org.springframework.web.servlet.DispatcherServlet]FrameworkServlet 'SpringMVC': initialization started
[INFO] [2020-08-12 16:21:20][org.springframework.web.context.support.XmlWebApplicationContext]Refreshing WebApplicationContext for namespace 'SpringMVC-servlet': startup date [Wed Aug 12 16:21:20 GMT+08:00 2020]; parent: Root WebApplicationContext
[INFO] [2020-08-12 16:21:20][org.springframework.beans.factory.xml.XmlBeanDefinitionReader]Loading XML bean definitions from class path resource [spring-mvc.xml]
[INFO] [2020-08-12 16:21:20][org.springframework.beans.factory.annotation.AutowiredAnnotationBeanPostProcessor]JSR-330 'javax.inject.Inject' annotation found and supported for autowiring
[INFO] [2020-08-12 16:21:20][org.springframework.web.servlet.mvc.method.annotation.RequestMappingHandlerMapping]Mapped "{[/index/],methods=[],params=[],headers=[],consumes=[],produces=[],custom=[]}" onto public java.lang.String com.web.controller.page.IndexController.toIndex()
[INFO] [2020-08-12 16:21:20][org.springframework.web.servlet.mvc.method.annotation.RequestMappingHandlerMapping]Mapped "{[/login/],methods=[],params=[],headers=[],consumes=[],produces=[],custom=[]}" onto public java.lang.String com.web.controller.page.LoginController.toLogin()
[INFO] [2020-08-12 16:21:20][org.springframework.web.servlet.mvc.method.annotation.RequestMappingHandlerMapping]Mapped "{[/tool/session],methods=[],params=[],headers=[],consumes=[],produces=[],custom=[]}" onto public java.lang.String com.web.controller.tool.ToolController.getSession(java.lang.String,javax.servlet.http.HttpSession)
[INFO] [2020-08-12 16:21:22][org.springframework.web.servlet.handler.SimpleUrlHandlerMapping]Mapped URL path [/**] onto handler 'org.springframework.web.servlet.resource.DefaultServletHttpRequestHandler#0'
[INFO] [2020-08-12 16:21:22][org.springframework.web.servlet.DispatcherServlet]FrameworkServlet 'SpringMVC': initialization completed in 1893 ms
[INFO] [2020-08-12 16:37:32][org.springframework.web.context.support.XmlWebApplicationContext]Closing WebApplicationContext for namespace 'SpringMVC-servlet': startup date [Wed Aug 12 16:21:20 GMT+08:00 2020]; parent: Root WebApplicationContext
[INFO] [2020-08-12 16:37:32][org.springframework.web.context.support.XmlWebApplicationContext]Closing Root WebApplicationContext: startup date [Wed Aug 12 16:21:18 GMT+08:00 2020]; root of context hierarchy
[INFO] [2020-08-12 16:37:44][org.springframework.web.context.ContextLoader]Root WebApplicationContext: initialization started
[INFO] [2020-08-12 16:37:45][org.springframework.web.context.support.XmlWebApplicationContext]Refreshing Root WebApplicationContext: startup date [Wed Aug 12 16:37:45 GMT+08:00 2020]; root of context hierarchy
[INFO] [2020-08-12 16:37:45][org.springframework.beans.factory.xml.XmlBeanDefinitionReader]Loading XML bean definitions from class path resource [spring-mybatis.xml]
[INFO] [2020-08-12 16:37:46][org.springframework.beans.factory.config.PropertyPlaceholderConfigurer]Loading properties file from class path resource [jdbc.properties]
[INFO] [2020-08-12 16:37:46][org.springframework.beans.factory.annotation.AutowiredAnnotationBeanPostProcessor]JSR-330 'javax.inject.Inject' annotation found and supported for autowiring
[INFO] [2020-08-12 16:37:47][org.springframework.web.context.ContextLoader]Root WebApplicationContext: initialization completed in 2432 ms
[INFO] [2020-08-12 16:37:47][org.springframework.web.servlet.DispatcherServlet]FrameworkServlet 'SpringMVC': initialization started
[INFO] [2020-08-12 16:37:47][org.springframework.web.context.support.XmlWebApplicationContext]Refreshing WebApplicationContext for namespace 'SpringMVC-servlet': startup date [Wed Aug 12 16:37:47 GMT+08:00 2020]; parent: Root WebApplicationContext
[INFO] [2020-08-12 16:37:47][org.springframework.beans.factory.xml.XmlBeanDefinitionReader]Loading XML bean definitions from class path resource [spring-mvc.xml]
[INFO] [2020-08-12 16:37:47][org.springframework.beans.factory.annotation.AutowiredAnnotationBeanPostProcessor]JSR-330 'javax.inject.Inject' annotation found and supported for autowiring
[INFO] [2020-08-12 16:37:47][org.springframework.web.servlet.mvc.method.annotation.RequestMappingHandlerMapping]Mapped "{[/index/],methods=[],params=[],headers=[],consumes=[],produces=[],custom=[]}" onto public java.lang.String com.web.controller.page.IndexController.toIndex()
[INFO] [2020-08-12 16:37:47][org.springframework.web.servlet.mvc.method.annotation.RequestMappingHandlerMapping]Mapped "{[/login/],methods=[],params=[],headers=[],consumes=[],produces=[],custom=[]}" onto public java.lang.String com.web.controller.page.LoginController.toLogin()
[INFO] [2020-08-12 16:37:47][org.springframework.web.servlet.mvc.method.annotation.RequestMappingHandlerMapping]Mapped "{[/tool/session],methods=[],params=[],headers=[],consumes=[],produces=[],custom=[]}" onto public java.lang.String com.web.controller.tool.ToolController.getSession(java.lang.String,javax.servlet.http.HttpSession)
[INFO] [2020-08-12 16:37:49][org.springframework.web.servlet.handler.SimpleUrlHandlerMapping]Mapped URL path [/**] onto handler 'org.springframework.web.servlet.resource.DefaultServletHttpRequestHandler#0'
[INFO] [2020-08-12 16:37:49][org.springframework.web.servlet.DispatcherServlet]FrameworkServlet 'SpringMVC': initialization completed in 1890 ms
[INFO] [2020-08-12 17:09:33][org.springframework.web.context.support.XmlWebApplicationContext]Closing WebApplicationContext for namespace 'SpringMVC-servlet': startup date [Wed Aug 12 16:37:47 GMT+08:00 2020]; parent: Root WebApplicationContext
[INFO] [2020-08-12 17:09:33][org.springframework.web.context.support.XmlWebApplicationContext]Closing Root WebApplicationContext: startup date [Wed Aug 12 16:37:45 GMT+08:00 2020]; root of context hierarchy
[INFO] [2020-08-12 17:09:46][org.springframework.web.context.ContextLoader]Root WebApplicationContext: initialization started
[INFO] [2020-08-12 17:09:47][org.springframework.web.context.support.XmlWebApplicationContext]Refreshing Root WebApplicationContext: startup date [Wed Aug 12 17:09:47 GMT+08:00 2020]; root of context hierarchy
[INFO] [2020-08-12 17:09:47][org.springframework.beans.factory.xml.XmlBeanDefinitionReader]Loading XML bean definitions from class path resource [spring-mybatis.xml]
[INFO] [2020-08-12 17:09:48][org.springframework.beans.factory.config.PropertyPlaceholderConfigurer]Loading properties file from class path resource [jdbc.properties]
[INFO] [2020-08-12 17:09:48][org.springframework.beans.factory.annotation.AutowiredAnnotationBeanPostProcessor]JSR-330 'javax.inject.Inject' annotation found and supported for autowiring
[INFO] [2020-08-12 17:09:49][org.springframework.web.context.ContextLoader]Root WebApplicationContext: initialization completed in 2438 ms
[INFO] [2020-08-12 17:09:49][org.springframework.web.servlet.DispatcherServlet]FrameworkServlet 'SpringMVC': initialization started
[INFO] [2020-08-12 17:09:49][org.springframework.web.context.support.XmlWebApplicationContext]Refreshing WebApplicationContext for namespace 'SpringMVC-servlet': startup date [Wed Aug 12 17:09:49 GMT+08:00 2020]; parent: Root WebApplicationContext
[INFO] [2020-08-12 17:09:49][org.springframework.beans.factory.xml.XmlBeanDefinitionReader]Loading XML bean definitions from class path resource [spring-mvc.xml]
[INFO] [2020-08-12 17:09:49][org.springframework.beans.factory.annotation.AutowiredAnnotationBeanPostProcessor]JSR-330 'javax.inject.Inject' annotation found and supported for autowiring
[INFO] [2020-08-12 17:09:50][org.springframework.web.servlet.mvc.method.annotation.RequestMappingHandlerMapping]Mapped "{[/index/],methods=[],params=[],headers=[],consumes=[],produces=[],custom=[]}" onto public java.lang.String com.web.controller.page.IndexController.toIndex()
[INFO] [2020-08-12 17:09:50][org.springframework.web.servlet.mvc.method.annotation.RequestMappingHandlerMapping]Mapped "{[/login/],methods=[],params=[],headers=[],consumes=[],produces=[],custom=[]}" onto public java.lang.String com.web.controller.page.LoginController.toLogin()
[INFO] [2020-08-12 17:09:50][org.springframework.web.servlet.mvc.method.annotation.RequestMappingHandlerMapping]Mapped "{[/login/res],methods=[],params=[],headers=[],consumes=[],produces=[],custom=[]}" onto public java.lang.String com.web.controller.page.LoginController.userRes(com.web.controller.model.UsersModel)
[INFO] [2020-08-12 17:09:50][org.springframework.web.servlet.mvc.method.annotation.RequestMappingHandlerMapping]Mapped "{[/login/login],methods=[],params=[],headers=[],consumes=[],produces=[],custom=[]}" onto public java.lang.String com.web.controller.page.LoginController.userLogin(com.web.controller.model.UsersModel)
[INFO] [2020-08-12 17:09:50][org.springframework.web.servlet.mvc.method.annotation.RequestMappingHandlerMapping]Mapped "{[/tool/session],methods=[],params=[],headers=[],consumes=[],produces=[],custom=[]}" onto public java.lang.String com.web.controller.tool.ToolController.getSession(java.lang.String,javax.servlet.http.HttpSession)
[INFO] [2020-08-12 17:09:51][org.springframework.web.servlet.handler.SimpleUrlHandlerMapping]Mapped URL path [/**] onto handler 'org.springframework.web.servlet.resource.DefaultServletHttpRequestHandler#0'
[INFO] [2020-08-12 17:09:51][org.springframework.web.servlet.DispatcherServlet]FrameworkServlet 'SpringMVC': initialization completed in 1885 ms
[INFO] [2020-08-12 17:19:03][org.springframework.web.context.support.XmlWebApplicationContext]Closing WebApplicationContext for namespace 'SpringMVC-servlet': startup date [Wed Aug 12 17:09:49 GMT+08:00 2020]; parent: Root WebApplicationContext
[INFO] [2020-08-12 17:19:03][org.springframework.web.context.support.XmlWebApplicationContext]Closing Root WebApplicationContext: startup date [Wed Aug 12 17:09:47 GMT+08:00 2020]; root of context hierarchy
[INFO] [2020-08-14 15:18:15][org.springframework.web.context.ContextLoader]Root WebApplicationContext: initialization started
[INFO] [2020-08-14 15:18:15][org.springframework.web.context.support.XmlWebApplicationContext]Refreshing Root WebApplicationContext: startup date [Fri Aug 14 15:18:15 GMT+08:00 2020]; root of context hierarchy
[INFO] [2020-08-14 15:18:15][org.springframework.beans.factory.xml.XmlBeanDefinitionReader]Loading XML bean definitions from class path resource [spring-mybatis.xml]
[INFO] [2020-08-14 15:18:16][org.springframework.beans.factory.config.PropertyPlaceholderConfigurer]Loading properties file from class path resource [jdbc.properties]
[INFO] [2020-08-14 15:18:16][org.springframework.beans.factory.annotation.AutowiredAnnotationBeanPostProcessor]JSR-330 'javax.inject.Inject' annotation found and supported for autowiring
[INFO] [2020-08-14 15:18:17][org.springframework.web.context.ContextLoader]Root WebApplicationContext: initialization completed in 2256 ms
[INFO] [2020-08-14 15:18:17][org.springframework.web.servlet.DispatcherServlet]FrameworkServlet 'SpringMVC': initialization started
[INFO] [2020-08-14 15:18:17][org.springframework.web.context.support.XmlWebApplicationContext]Refreshing WebApplicationContext for namespace 'SpringMVC-servlet': startup date [Fri Aug 14 15:18:17 GMT+08:00 2020]; parent: Root WebApplicationContext
[INFO] [2020-08-14 15:18:17][org.springframework.beans.factory.xml.XmlBeanDefinitionReader]Loading XML bean definitions from class path resource [spring-mvc.xml]
[INFO] [2020-08-14 15:18:18][org.springframework.beans.factory.annotation.AutowiredAnnotationBeanPostProcessor]JSR-330 'javax.inject.Inject' annotation found and supported for autowiring
[INFO] [2020-08-14 15:18:18][org.springframework.web.servlet.mvc.method.annotation.RequestMappingHandlerMapping]Mapped "{[/index/],methods=[],params=[],headers=[],consumes=[],produces=[],custom=[]}" onto public java.lang.String com.web.controller.page.IndexController.toIndex()
[INFO] [2020-08-14 15:18:18][org.springframework.web.servlet.mvc.method.annotation.RequestMappingHandlerMapping]Mapped "{[/login/res],methods=[],params=[],headers=[],consumes=[],produces=[],custom=[]}" onto public java.lang.String com.web.controller.page.LoginController.userRes(com.web.controller.model.UsersModel)
[INFO] [2020-08-14 15:18:18][org.springframework.web.servlet.mvc.method.annotation.RequestMappingHandlerMapping]Mapped "{[/login/],methods=[],params=[],headers=[],consumes=[],produces=[],custom=[]}" onto public java.lang.String com.web.controller.page.LoginController.toLogin()
[INFO] [2020-08-14 15:18:18][org.springframework.web.servlet.mvc.method.annotation.RequestMappingHandlerMapping]Mapped "{[/login/login],methods=[],params=[],headers=[],consumes=[],produces=[],custom=[]}" onto public java.lang.String com.web.controller.page.LoginController.userLogin(com.web.controller.model.UsersModel)
[INFO] [2020-08-14 15:18:18][org.springframework.web.servlet.mvc.method.annotation.RequestMappingHandlerMapping]Mapped "{[/tool/session],methods=[],params=[],headers=[],consumes=[],produces=[],custom=[]}" onto public java.lang.String com.web.controller.tool.ToolController.getSession(java.lang.String,javax.servlet.http.HttpSession)
[INFO] [2020-08-14 15:18:19][org.springframework.web.servlet.handler.SimpleUrlHandlerMapping]Mapped URL path [/**] onto handler 'org.springframework.web.servlet.resource.DefaultServletHttpRequestHandler#0'
[INFO] [2020-08-14 15:18:19][org.springframework.web.servlet.DispatcherServlet]FrameworkServlet 'SpringMVC': initialization completed in 1745 ms
[INFO] [2020-08-14 15:49:02][org.springframework.web.context.support.XmlWebApplicationContext]Closing WebApplicationContext for namespace 'SpringMVC-servlet': startup date [Fri Aug 14 15:18:17 GMT+08:00 2020]; parent: Root WebApplicationContext
[INFO] [2020-08-14 15:49:02][org.springframework.web.context.support.XmlWebApplicationContext]Closing Root WebApplicationContext: startup date [Fri Aug 14 15:18:15 GMT+08:00 2020]; root of context hierarchy
[INFO] [2020-08-14 15:49:15][org.springframework.web.context.ContextLoader]Root WebApplicationContext: initialization started
[INFO] [2020-08-14 15:49:15][org.springframework.web.context.support.XmlWebApplicationContext]Refreshing Root WebApplicationContext: startup date [Fri Aug 14 15:49:15 GMT+08:00 2020]; root of context hierarchy
[INFO] [2020-08-14 15:49:15][org.springframework.beans.factory.xml.XmlBeanDefinitionReader]Loading XML bean definitions from class path resource [spring-mybatis.xml]
[INFO] [2020-08-14 15:49:16][org.springframework.beans.factory.config.PropertyPlaceholderConfigurer]Loading properties file from class path resource [jdbc.properties]
[INFO] [2020-08-14 15:49:16][org.springframework.beans.factory.annotation.AutowiredAnnotationBeanPostProcessor]JSR-330 'javax.inject.Inject' annotation found and supported for autowiring
[INFO] [2020-08-14 15:49:17][org.springframework.web.context.ContextLoader]Root WebApplicationContext: initialization completed in 2383 ms
[INFO] [2020-08-14 15:49:17][org.springframework.web.servlet.DispatcherServlet]FrameworkServlet 'SpringMVC': initialization started
[INFO] [2020-08-14 15:49:17][org.springframework.web.context.support.XmlWebApplicationContext]Refreshing WebApplicationContext for namespace 'SpringMVC-servlet': startup date [Fri Aug 14 15:49:17 GMT+08:00 2020]; parent: Root WebApplicationContext
[INFO] [2020-08-14 15:49:17][org.springframework.beans.factory.xml.XmlBeanDefinitionReader]Loading XML bean definitions from class path resource [spring-mvc.xml]
[INFO] [2020-08-14 15:49:18][org.springframework.beans.factory.annotation.AutowiredAnnotationBeanPostProcessor]JSR-330 'javax.inject.Inject' annotation found and supported for autowiring
[INFO] [2020-08-14 15:49:18][org.springframework.web.servlet.mvc.method.annotation.RequestMappingHandlerMapping]Mapped "{[/index/],methods=[],params=[],headers=[],consumes=[],produces=[],custom=[]}" onto public java.lang.String com.web.controller.page.IndexController.toIndex()
[INFO] [2020-08-14 15:49:18][org.springframework.web.servlet.mvc.method.annotation.RequestMappingHandlerMapping]Mapped "{[/login/],methods=[],params=[],headers=[],consumes=[],produces=[],custom=[]}" onto public java.lang.String com.web.controller.page.LoginController.toLogin()
[INFO] [2020-08-14 15:49:18][org.springframework.web.servlet.mvc.method.annotation.RequestMappingHandlerMapping]Mapped "{[/login/res],methods=[],params=[],headers=[],consumes=[],produces=[],custom=[]}" onto public java.lang.String com.web.controller.page.LoginController.userRes(com.web.controller.model.UsersModel)
[INFO] [2020-08-14 15:49:18][org.springframework.web.servlet.mvc.method.annotation.RequestMappingHandlerMapping]Mapped "{[/login/login],methods=[],params=[],headers=[],consumes=[],produces=[],custom=[]}" onto public java.lang.String com.web.controller.page.LoginController.userLogin(com.web.controller.model.UsersModel)
[INFO] [2020-08-14 15:49:18][org.springframework.web.servlet.mvc.method.annotation.RequestMappingHandlerMapping]Mapped "{[/tool/session],methods=[],params=[],headers=[],consumes=[],produces=[],custom=[]}" onto public java.lang.String com.web.controller.tool.ToolController.getSession(java.lang.String,javax.servlet.http.HttpSession)
[INFO] [2020-08-14 15:49:19][org.springframework.web.servlet.handler.SimpleUrlHandlerMapping]Mapped URL path [/**] onto handler 'org.springframework.web.servlet.resource.DefaultServletHttpRequestHandler#0'
[INFO] [2020-08-14 15:49:19][org.springframework.web.servlet.DispatcherServlet]FrameworkServlet 'SpringMVC': initialization completed in 1846 ms
[INFO] [2020-08-14 15:52:09][org.springframework.web.context.support.XmlWebApplicationContext]Closing WebApplicationContext for namespace 'SpringMVC-servlet': startup date [Fri Aug 14 15:49:17 GMT+08:00 2020]; parent: Root WebApplicationContext
[INFO] [2020-08-14 15:52:09][org.springframework.web.context.support.XmlWebApplicationContext]Closing Root WebApplicationContext: startup date [Fri Aug 14 15:49:15 GMT+08:00 2020]; root of context hierarchy
[INFO] [2020-08-14 15:52:21][org.springframework.web.context.ContextLoader]Root WebApplicationContext: initialization started
[INFO] [2020-08-14 15:52:22][org.springframework.web.context.support.XmlWebApplicationContext]Refreshing Root WebApplicationContext: startup date [Fri Aug 14 15:52:22 GMT+08:00 2020]; root of context hierarchy
[INFO] [2020-08-14 15:52:22][org.springframework.beans.factory.xml.XmlBeanDefinitionReader]Loading XML bean definitions from class path resource [spring-mybatis.xml]
[INFO] [2020-08-14 15:52:23][org.springframework.beans.factory.config.PropertyPlaceholderConfigurer]Loading properties file from class path resource [jdbc.properties]
[INFO] [2020-08-14 15:52:23][org.springframework.beans.factory.annotation.AutowiredAnnotationBeanPostProcessor]JSR-330 'javax.inject.Inject' annotation found and supported for autowiring
[INFO] [2020-08-14 15:52:24][org.springframework.web.context.ContextLoader]Root WebApplicationContext: initialization completed in 2324 ms
[INFO] [2020-08-14 15:52:24][org.springframework.web.servlet.DispatcherServlet]FrameworkServlet 'SpringMVC': initialization started
[INFO] [2020-08-14 15:52:24][org.springframework.web.context.support.XmlWebApplicationContext]Refreshing WebApplicationContext for namespace 'SpringMVC-servlet': startup date [Fri Aug 14 15:52:24 GMT+08:00 2020]; parent: Root WebApplicationContext
[INFO] [2020-08-14 15:52:24][org.springframework.beans.factory.xml.XmlBeanDefinitionReader]Loading XML bean definitions from class path resource [spring-mvc.xml]
[INFO] [2020-08-14 15:52:24][org.springframework.beans.factory.annotation.AutowiredAnnotationBeanPostProcessor]JSR-330 'javax.inject.Inject' annotation found and supported for autowiring
[INFO] [2020-08-14 15:52:24][org.springframework.web.servlet.mvc.method.annotation.RequestMappingHandlerMapping]Mapped "{[/index/],methods=[],params=[],headers=[],consumes=[],produces=[],custom=[]}" onto public java.lang.String com.web.controller.page.IndexController.toIndex()
[INFO] [2020-08-14 15:52:24][org.springframework.web.servlet.mvc.method.annotation.RequestMappingHandlerMapping]Mapped "{[/login/res],methods=[],params=[],headers=[],consumes=[],produces=[],custom=[]}" onto public java.lang.String com.web.controller.page.LoginController.userRes(com.web.controller.model.UsersModel)
[INFO] [2020-08-14 15:52:24][org.springframework.web.servlet.mvc.method.annotation.RequestMappingHandlerMapping]Mapped "{[/login/login],methods=[],params=[],headers=[],consumes=[],produces=[],custom=[]}" onto public java.lang.String com.web.controller.page.LoginController.userLogin(com.web.controller.model.UsersModel)
[INFO] [2020-08-14 15:52:24][org.springframework.web.servlet.mvc.method.annotation.RequestMappingHandlerMapping]Mapped "{[/login/],methods=[],params=[],headers=[],consumes=[],produces=[],custom=[]}" onto public java.lang.String com.web.controller.page.LoginController.toLogin()
[INFO] [2020-08-14 15:52:24][org.springframework.web.servlet.mvc.method.annotation.RequestMappingHandlerMapping]Mapped "{[/tool/session],methods=[],params=[],headers=[],consumes=[],produces=[],custom=[]}" onto public java.lang.String com.web.controller.tool.ToolController.getSession(java.lang.String,javax.servlet.http.HttpSession)
[INFO] [2020-08-14 15:52:26][org.springframework.web.servlet.handler.SimpleUrlHandlerMapping]Mapped URL path [/**] onto handler 'org.springframework.web.servlet.resource.DefaultServletHttpRequestHandler#0'
[INFO] [2020-08-14 15:52:26][org.springframework.web.servlet.DispatcherServlet]FrameworkServlet 'SpringMVC': initialization completed in 1810 ms
[INFO] [2020-08-14 16:22:36][org.springframework.web.context.support.XmlWebApplicationContext]Closing WebApplicationContext for namespace 'SpringMVC-servlet': startup date [Fri Aug 14 15:52:24 GMT+08:00 2020]; parent: Root WebApplicationContext
[INFO] [2020-08-14 16:22:36][org.springframework.web.context.support.XmlWebApplicationContext]Closing Root WebApplicationContext: startup date [Fri Aug 14 15:52:22 GMT+08:00 2020]; root of context hierarchy
[INFO] [2020-08-14 16:22:49][org.springframework.web.context.ContextLoader]Root WebApplicationContext: initialization started
[INFO] [2020-08-14 16:22:49][org.springframework.web.context.support.XmlWebApplicationContext]Refreshing Root WebApplicationContext: startup date [Fri Aug 14 16:22:49 GMT+08:00 2020]; root of context hierarchy
[INFO] [2020-08-14 16:22:50][org.springframework.beans.factory.xml.XmlBeanDefinitionReader]Loading XML bean definitions from class path resource [spring-mybatis.xml]
[INFO] [2020-08-14 16:22:51][org.springframework.beans.factory.config.PropertyPlaceholderConfigurer]Loading properties file from class path resource [jdbc.properties]
[INFO] [2020-08-14 16:22:51][org.springframework.beans.factory.annotation.AutowiredAnnotationBeanPostProcessor]JSR-330 'javax.inject.Inject' annotation found and supported for autowiring
[INFO] [2020-08-14 16:22:51][org.springframework.web.context.ContextLoader]Root WebApplicationContext: initialization completed in 2361 ms
[INFO] [2020-08-14 16:22:52][org.springframework.web.servlet.DispatcherServlet]FrameworkServlet 'SpringMVC': initialization started
[INFO] [2020-08-14 16:22:52][org.springframework.web.context.support.XmlWebApplicationContext]Refreshing WebApplicationContext for namespace 'SpringMVC-servlet': startup date [Fri Aug 14 16:22:52 GMT+08:00 2020]; parent: Root WebApplicationContext
[INFO] [2020-08-14 16:22:52][org.springframework.beans.factory.xml.XmlBeanDefinitionReader]Loading XML bean definitions from class path resource [spring-mvc.xml]
[INFO] [2020-08-14 16:22:52][org.springframework.beans.factory.annotation.AutowiredAnnotationBeanPostProcessor]JSR-330 'javax.inject.Inject' annotation found and supported for autowiring
[INFO] [2020-08-14 16:22:52][org.springframework.web.servlet.mvc.method.annotation.RequestMappingHandlerMapping]Mapped "{[/index/],methods=[],params=[],headers=[],consumes=[],produces=[],custom=[]}" onto public java.lang.String com.web.controller.page.IndexController.toIndex()
[INFO] [2020-08-14 16:22:52][org.springframework.web.servlet.mvc.method.annotation.RequestMappingHandlerMapping]Mapped "{[/login/],methods=[],params=[],headers=[],consumes=[],produces=[],custom=[]}" onto public java.lang.String com.web.controller.page.LoginController.toLogin()
[INFO] [2020-08-14 16:22:52][org.springframework.web.servlet.mvc.method.annotation.RequestMappingHandlerMapping]Mapped "{[/login/res],methods=[],params=[],headers=[],consumes=[],produces=[],custom=[]}" onto public java.lang.String com.web.controller.page.LoginController.userRes(com.web.controller.model.UsersModel)
[INFO] [2020-08-14 16:22:52][org.springframework.web.servlet.mvc.method.annotation.RequestMappingHandlerMapping]Mapped "{[/login/login],methods=[],params=[],headers=[],consumes=[],produces=[],custom=[]}" onto public java.lang.String com.web.controller.page.LoginController.userLogin(com.web.controller.model.UsersModel)
[INFO] [2020-08-14 16:22:52][org.springframework.web.servlet.mvc.method.annotation.RequestMappingHandlerMapping]Mapped "{[/tool/session],methods=[],params=[],headers=[],consumes=[],produces=[],custom=[]}" onto public java.lang.String com.web.controller.tool.ToolController.getSession(java.lang.String,javax.servlet.http.HttpSession)
[INFO] [2020-08-14 16:22:53][org.springframework.web.servlet.handler.SimpleUrlHandlerMapping]Mapped URL path [/**] onto handler 'org.springframework.web.servlet.resource.DefaultServletHttpRequestHandler#0'
[INFO] [2020-08-14 16:22:53][org.springframework.web.servlet.DispatcherServlet]FrameworkServlet 'SpringMVC': initialization completed in 1843 ms
[INFO] [2020-08-14 21:13:39][org.springframework.web.context.support.XmlWebApplicationContext]Closing WebApplicationContext for namespace 'SpringMVC-servlet': startup date [Fri Aug 14 16:22:52 GMT+08:00 2020]; parent: Root WebApplicationContext
[INFO] [2020-08-14 21:13:39][org.springframework.web.context.support.XmlWebApplicationContext]Closing Root WebApplicationContext: startup date [Fri Aug 14 16:22:49 GMT+08:00 2020]; root of context hierarchy
[INFO] [2020-08-25 22:56:16][org.springframework.web.context.ContextLoader]Root WebApplicationContext: initialization started
[INFO] [2020-08-25 22:56:16][org.springframework.web.context.support.XmlWebApplicationContext]Refreshing Root WebApplicationContext: startup date [Tue Aug 25 22:56:16 GMT+08:00 2020]; root of context hierarchy
[INFO] [2020-08-25 22:56:16][org.springframework.beans.factory.xml.XmlBeanDefinitionReader]Loading XML bean definitions from class path resource [spring-mybatis.xml]
[INFO] [2020-08-25 22:56:17][org.springframework.beans.factory.config.PropertyPlaceholderConfigurer]Loading properties file from class path resource [jdbc.properties]
[INFO] [2020-08-25 22:56:17][org.springframework.beans.factory.annotation.AutowiredAnnotationBeanPostProcessor]JSR-330 'javax.inject.Inject' annotation found and supported for autowiring
[INFO] [2020-08-25 22:56:18][org.springframework.web.context.ContextLoader]Root WebApplicationContext: initialization completed in 2183 ms
[INFO] [2020-08-25 22:56:18][org.springframework.web.servlet.DispatcherServlet]FrameworkServlet 'SpringMVC': initialization started
[INFO] [2020-08-25 22:56:18][org.springframework.web.context.support.XmlWebApplicationContext]Refreshing WebApplicationContext for namespace 'SpringMVC-servlet': startup date [Tue Aug 25 22:56:18 GMT+08:00 2020]; parent: Root WebApplicationContext
[INFO] [2020-08-25 22:56:18][org.springframework.beans.factory.xml.XmlBeanDefinitionReader]Loading XML bean definitions from class path resource [spring-mvc.xml]
[INFO] [2020-08-25 22:56:19][org.springframework.beans.factory.annotation.AutowiredAnnotationBeanPostProcessor]JSR-330 'javax.inject.Inject' annotation found and supported for autowiring
[INFO] [2020-08-25 22:56:19][org.springframework.web.servlet.mvc.method.annotation.RequestMappingHandlerMapping]Mapped "{[/index/],methods=[],params=[],headers=[],consumes=[],produces=[],custom=[]}" onto public java.lang.String com.web.controller.page.IndexController.toIndex()
[INFO] [2020-08-25 22:56:19][org.springframework.web.servlet.mvc.method.annotation.RequestMappingHandlerMapping]Mapped "{[/login/],methods=[],params=[],headers=[],consumes=[],produces=[],custom=[]}" onto public java.lang.String com.web.controller.page.LoginController.toLogin()
[INFO] [2020-08-25 22:56:19][org.springframework.web.servlet.mvc.method.annotation.RequestMappingHandlerMapping]Mapped "{[/login/res],methods=[],params=[],headers=[],consumes=[],produces=[],custom=[]}" onto public java.lang.String com.web.controller.page.LoginController.userRes(com.web.controller.model.UsersModel)
[INFO] [2020-08-25 22:56:19][org.springframework.web.servlet.mvc.method.annotation.RequestMappingHandlerMapping]Mapped "{[/login/login],methods=[],params=[],headers=[],consumes=[],produces=[],custom=[]}" onto public java.lang.String com.web.controller.page.LoginController.userLogin(com.web.controller.model.UsersModel)
[INFO] [2020-08-25 22:56:19][org.springframework.web.servlet.mvc.method.annotation.RequestMappingHandlerMapping]Mapped "{[/tool/session],methods=[],params=[],headers=[],consumes=[],produces=[],custom=[]}" onto public java.lang.String com.web.controller.tool.ToolController.getSession(java.lang.String,javax.servlet.http.HttpSession)
[INFO] [2020-08-25 22:56:20][org.springframework.web.servlet.handler.SimpleUrlHandlerMapping]Mapped URL path [/**] onto handler 'org.springframework.web.servlet.resource.DefaultServletHttpRequestHandler#0'
[INFO] [2020-08-25 22:56:20][org.springframework.web.servlet.DispatcherServlet]FrameworkServlet 'SpringMVC': initialization completed in 1710 ms
[INFO] [2020-08-25 22:57:31][org.springframework.web.context.support.XmlWebApplicationContext]Closing WebApplicationContext for namespace 'SpringMVC-servlet': startup date [Tue Aug 25 22:56:18 GMT+08:00 2020]; parent: Root WebApplicationContext
[INFO] [2020-08-25 22:57:31][org.springframework.web.context.support.XmlWebApplicationContext]Closing Root WebApplicationContext: startup date [Tue Aug 25 22:56:16 GMT+08:00 2020]; root of context hierarchy
[INFO] [2020-08-25 22:57:57][org.springframework.web.context.ContextLoader]Root WebApplicationContext: initialization started
[INFO] [2020-08-25 22:57:57][org.springframework.web.context.support.XmlWebApplicationContext]Refreshing Root WebApplicationContext: startup date [Tue Aug 25 22:57:57 GMT+08:00 2020]; root of context hierarchy
[INFO] [2020-08-25 22:57:57][org.springframework.beans.factory.xml.XmlBeanDefinitionReader]Loading XML bean definitions from class path resource [spring-mybatis.xml]
[INFO] [2020-08-25 22:57:58][org.springframework.beans.factory.config.PropertyPlaceholderConfigurer]Loading properties file from class path resource [jdbc.properties]
[INFO] [2020-08-25 22:57:58][org.springframework.beans.factory.annotation.AutowiredAnnotationBeanPostProcessor]JSR-330 'javax.inject.Inject' annotation found and supported for autowiring
[INFO] [2020-08-25 22:57:59][org.springframework.web.context.ContextLoader]Root WebApplicationContext: initialization completed in 2197 ms
[INFO] [2020-08-25 22:57:59][org.springframework.web.servlet.DispatcherServlet]FrameworkServlet 'SpringMVC': initialization started
[INFO] [2020-08-25 22:57:59][org.springframework.web.context.support.XmlWebApplicationContext]Refreshing WebApplicationContext for namespace 'SpringMVC-servlet': startup date [Tue Aug 25 22:57:59 GMT+08:00 2020]; parent: Root WebApplicationContext
[INFO] [2020-08-25 22:57:59][org.springframework.beans.factory.xml.XmlBeanDefinitionReader]Loading XML bean definitions from class path resource [spring-mvc.xml]
[INFO] [2020-08-25 22:58:00][org.springframework.beans.factory.annotation.AutowiredAnnotationBeanPostProcessor]JSR-330 'javax.inject.Inject' annotation found and supported for autowiring
[INFO] [2020-08-25 22:58:00][org.springframework.web.servlet.mvc.method.annotation.RequestMappingHandlerMapping]Mapped "{[/index/],methods=[],params=[],headers=[],consumes=[],produces=[],custom=[]}" onto public java.lang.String com.web.controller.page.IndexController.toIndex()
[INFO] [2020-08-25 22:58:00][org.springframework.web.servlet.mvc.method.annotation.RequestMappingHandlerMapping]Mapped "{[/login/],methods=[],params=[],headers=[],consumes=[],produces=[],custom=[]}" onto public java.lang.String com.web.controller.page.LoginController.toLogin()
[INFO] [2020-08-25 22:58:00][org.springframework.web.servlet.mvc.method.annotation.RequestMappingHandlerMapping]Mapped "{[/login/res],methods=[],params=[],headers=[],consumes=[],produces=[],custom=[]}" onto public java.lang.String com.web.controller.page.LoginController.userRes(com.web.controller.model.UsersModel)
[INFO] [2020-08-25 22:58:00][org.springframework.web.servlet.mvc.method.annotation.RequestMappingHandlerMapping]Mapped "{[/login/login],methods=[],params=[],headers=[],consumes=[],produces=[],custom=[]}" onto public java.lang.String com.web.controller.page.LoginController.userLogin(com.web.controller.model.UsersModel)
[INFO] [2020-08-25 22:58:00][org.springframework.web.servlet.mvc.method.annotation.RequestMappingHandlerMapping]Mapped "{[/tool/session],methods=[],params=[],headers=[],consumes=[],produces=[],custom=[]}" onto public java.lang.String com.web.controller.tool.ToolController.getSession(java.lang.String,javax.servlet.http.HttpSession)
[INFO] [2020-08-25 22:58:01][org.springframework.web.servlet.handler.SimpleUrlHandlerMapping]Mapped URL path [/**] onto handler 'org.springframework.web.servlet.resource.DefaultServletHttpRequestHandler#0'
[INFO] [2020-08-25 22:58:01][org.springframework.web.servlet.DispatcherServlet]FrameworkServlet 'SpringMVC': initialization completed in 1713 ms
[INFO] [2020-08-25 22:58:07][org.springframework.web.context.support.XmlWebApplicationContext]Closing WebApplicationContext for namespace 'SpringMVC-servlet': startup date [Tue Aug 25 22:57:59 GMT+08:00 2020]; parent: Root WebApplicationContext
[INFO] [2020-08-25 22:58:07][org.springframework.web.context.support.XmlWebApplicationContext]Closing Root WebApplicationContext: startup date [Tue Aug 25 22:57:57 GMT+08:00 2020]; root of context hierarchy
